=== Starting update at Thu Jun 19 23:54:07 BST 2025 ===
Starting Land Registry data update...
Executing query: {
  query: 'SELECT MAX(date) as latest_date FROM property_sales',
  params: []
}
Sending request to: https://sold-property-prices-thelaughinggod1986.aws-eu-west-1.turso.io/v2/pipeline
Request body: {
  "requests": [
    {
      "type": "execute",
      "stmt": {
        "sql": "SELECT MAX(date) as latest_date FROM property_sales"
      }
    }
  ]
}
Response status: 200 OK
Full response: {
  "baton": null,
  "base_url": null,
  "results": [
    {
      "type": "ok",
      "response": {
        "type": "execute",
        "result": {
          "cols": [
            {
              "name": "latest_date",
              "decltype": null
            }
          ],
          "rows": [
            [
              {
                "type": "text",
                "value": "2025-04-30 00:00"
              }
            ]
          ],
          "affected_row_count": 0,
          "last_insert_rowid": null,
          "replication_index": null,
          "rows_read": 14300,
          "rows_written": 0,
          "query_duration_ms": 2.943
        }
      }
    }
  ]
}
Last update in database: 2025-04-29
Downloading update for 05/2025...
Downloading update file from https://prod.publicdata.landregistry.gov.uk.s3-website-eu-west-1.amazonaws.com/pp-monthly-update/2025/25-05-pp-monthly-update-new-version.csv...
Error during update: Error: read ECONNRESET
    at TLSWrap.onStreamRead (node:internal/stream_base_commons:216:20) {
  errno: -54,
  code: 'ECONNRESET',
  syscall: 'read'
}
=== Update completed at Thu Jun 19 23:54:26 BST 2025 ===
